视觉pose为[-0.5311387121677399, 1.517600302696228, -0.01505866050720206, 0.0, 0.0, 0.00923933356754698, 0.999957316446671],当前层数为5
视觉pose为[0.22353986501693726, 1.8195301565527915, -0.01646234989166251, 0.0, 0.0, 0.9999304249496745, -0.011795984908571816],当前层数为5
视觉pose为[-0.5998793482780457, 2.1714586663246154, -0.23018672466278067, 0.0, 0.0, -0.7001566247390413, 0.7139892862179609],当前层数为4
视觉pose为[-0.2991193324327469, 2.183863614797592, -0.2317553997039794, 0.0, 0.0, -0.7059888997588649, 0.7082228981170177],当前层数为4
视觉pose为[-0.5425569653511048, 1.8142386052012442, -0.23307087421417227, 0.0, 0.0, 0.010778969908721975, 0.9999419052163515],当前层数为4
视觉pose为[-0.13417034186422824, 1.574356083869934, -0.23482396602630606, 0.0, 0.0, 0.7080933793316867, 0.7061188045553185],当前层数为4
视觉pose为[0.2429155170917511, 1.5242550718784331, -0.4532866120338439, 0.0, 0.0, 0.9999974564310098, -0.002255467027188635],当前层数为3
视觉pose为[0.2976616084575653, 2.2011797177791594, -0.6673593759536742, 0.0, 0.0, -0.7004245332472102, 0.7137264694723237],当前层数为2
视觉pose为[-0.00041815042495726984, 2.190041069984436, -0.6689114809036254, 0.0, 0.0, -0.7009448267149291, 0.7132155003234142],当前层数为2

拣配视觉料箱坐标XYZ坐标为 [-0.38113871216773987, -0.3523996973037722, 1.105941339492798]
匹配到位置id为45
拣配视觉料箱坐标XYZ坐标为 [0.37353986501693726, -0.05046984344720862, 1.1045376501083375]
匹配到位置id为41
拣配视觉料箱坐标XYZ坐标为 [-0.44987934827804565, 0.30145866632461527, 0.8908132753372193]
匹配到位置id为31
拣配视觉料箱坐标XYZ坐标为 [-0.14911933243274691, 0.31386361479759195, 0.8892446002960206]
匹配到位置id为30
拣配视觉料箱坐标XYZ坐标为 [-0.39255696535110474, -0.05576139479875586, 0.8879291257858277]
匹配到位置id为35
拣配视觉料箱坐标XYZ坐标为 [0.01582965813577175, -0.29564391613006613, 0.8861760339736939]
匹配到位置id为34
拣配视觉料箱坐标XYZ坐标为 [0.3929155170917511, -0.345744928121567, 0.6677133879661561]
匹配到位置id为24
拣配视觉料箱坐标XYZ坐标为 [0.4476616084575653, 0.33117971777915933, 0.45364062404632577]
匹配到位置id为10
拣配视觉料箱坐标XYZ坐标为 [0.14958184957504272, 0.3200410699844358, 0.4520885190963746]
匹配到位置id为11
拣配视觉料箱坐标XYZ坐标为 [-0.38113871216773987, -0.3523996973037722, 0.887841339492798]
匹配到位置id为36
拣配视觉料箱坐标XYZ坐标为 [-0.38113871216773987, -0.3523996973037722, 0.669741339492798]
匹配到位置id为27
拣配视觉料箱坐标XYZ坐标为 [-0.38113871216773987, -0.3523996973037722, 0.45164133949279794]
匹配到位置id为18
拣配视觉料箱坐标XYZ坐标为 [-0.38113871216773987, -0.3523996973037722, 0.23354133949279798]
匹配到位置id为9
拣配视觉料箱坐标XYZ坐标为 [0.37353986501693726, -0.05046984344720862, 0.8864376501083375]
匹配到位置id为32
拣配视觉料箱坐标XYZ坐标为 [0.37353986501693726, -0.05046984344720862, 0.6683376501083376]
匹配到位置id为23
拣配视觉料箱坐标XYZ坐标为 [0.37353986501693726, -0.05046984344720862, 0.4502376501083375]
匹配到位置id为14
拣配视觉料箱坐标XYZ坐标为 [0.37353986501693726, -0.05046984344720862, 0.23213765010833753]
匹配到位置id为5
拣配视觉料箱坐标XYZ坐标为 [-0.44987934827804565, 0.30145866632461527, 0.6727132753372194]
匹配到位置id为22
拣配视觉料箱坐标XYZ坐标为 [-0.44987934827804565, 0.30145866632461527, 0.4546132753372194]
匹配到位置id为13
拣配视觉料箱坐标XYZ坐标为 [-0.44987934827804565, 0.30145866632461527, 0.23651327533721933]
匹配到位置id为4
拣配视觉料箱坐标XYZ坐标为 [-0.14911933243274691, 0.31386361479759195, 0.6711446002960206]
匹配到位置id为21
拣配视觉料箱坐标XYZ坐标为 [-0.14911933243274691, 0.31386361479759195, 0.45304460029602067]
匹配到位置id为12
拣配视觉料箱坐标XYZ坐标为 [-0.14911933243274691, 0.31386361479759195, 0.2349446002960206]
匹配到位置id为3
拣配视觉料箱坐标XYZ坐标为 [-0.39255696535110474, -0.05576139479875586, 0.6698291257858278]
匹配到位置id为26
拣配视觉料箱坐标XYZ坐标为 [-0.39255696535110474, -0.05576139479875586, 0.4517291257858278]
匹配到位置id为17
拣配视觉料箱坐标XYZ坐标为 [-0.39255696535110474, -0.05576139479875586, 0.23362912578582773]
匹配到位置id为8
拣配视觉料箱坐标XYZ坐标为 [0.01582965813577175, -0.29564391613006613, 0.668076033973694]
匹配到位置id为25
拣配视觉料箱坐标XYZ坐标为 [0.01582965813577175, -0.29564391613006613, 0.449976033973694]
匹配到位置id为16
拣配视觉料箱坐标XYZ坐标为 [0.01582965813577175, -0.29564391613006613, 0.23187603397369394]
匹配到位置id为7
拣配视觉料箱坐标XYZ坐标为 [0.3929155170917511, -0.345744928121567, 0.44961338796615613]
匹配到位置id为15
拣配视觉料箱坐标XYZ坐标为 [0.3929155170917511, -0.345744928121567, 0.23151338796615617]
匹配到位置id为6
拣配视觉料箱坐标XYZ坐标为 [0.4476616084575653, 0.33117971777915933, 0.2355406240463258]
匹配到位置id为1
拣配视觉料箱坐标XYZ坐标为 [0.14958184957504272, 0.3200410699844358, 0.23398851909637464]
匹配到位置id为2