视觉pose为[-0.542741471529007, 1.845175911784172, -0.476468158340454, 0.0, 0.0, 0.0004788299797236723, 0.9999998853609187]
环境pose为[-0.5428130567073822, 1.8450768004357814, -0.47652049121856677, 0.0, 0.0, 0.00038562430626841237, 0.9999999256469444]
视觉pose为[-0.542741471529007, 1.845175911784172, -0.6945681583404539, 0.0, 0.0, 0.0004788299797236723, 0.9999998853609187]
环境pose为[-0.5428130567073822, 1.8450768004357814, -0.6946204912185667, 0.0, 0.0, 0.00038562430626841237, 0.9999999256469444]
视觉pose为[-0.542741471529007, 1.845175911784172, -0.912668158340454, 0.0, 0.0, 0.0004788299797236723, 0.9999998853609187]
环境pose为[-0.5428130567073822, 1.8450768004357814, -0.9127204912185668, 0.0, 0.0, 0.00038562430626841237, 0.9999999256469444]
视觉pose为[0.2935372948646545, 2.1807356524467467, -0.6962630987167358, 0.0, 0.0, -0.7073996858303526, 0.7068137551626442]
环境pose为[0.29470247626304624, 2.177067195177078, -0.695718360519409, 0.0, 0.0, -0.7138994491819379, 0.7002482248872365]
视觉pose为[0.2935372948646545, 2.1807356524467467, -0.9143630987167357, 0.0, 0.0, -0.7073996858303526, 0.7068137551626442]
环境pose为[0.29470247626304624, 2.177067195177078, -0.913818360519409, 0.0, 0.0, -0.7138994491819379, 0.7002482248872365]
视觉pose为[-0.5945760846138001, 2.1942201602458953, -0.6952106481552123, 0.0, 0.0, -0.712624069237464, 0.701546103932905]
环境pose为[-0.5947157084941864, 2.194662665128708, -0.6952899223327635, 0.0, 0.0, -0.7124020275396764, 0.7017715804714224]
视觉pose为[-0.5945760846138001, 2.1942201602458953, -0.9133106481552122, 0.0, 0.0, -0.712624069237464, 0.701546103932905]
环境pose为[-0.5947157084941864, 2.194662665128708, -0.9133899223327635, 0.0, 0.0, -0.7124020275396764, 0.7017715804714224]
视觉pose为[-0.0036110818386077825, 2.184126739501953, -0.6960215693473815, 0.0, 0.0, -0.7070587964593202, 0.707154762657721]
环境pose为[-0.0033456474542617742, 2.181629900932312, -0.6961838131904601, 0.0, 0.0, -0.7064992950274754, 0.7077137458928436]
视觉pose为[-0.0036110818386077825, 2.184126739501953, -0.9141215693473814, 0.0, 0.0, -0.7070587964593202, 0.707154762657721]
环境pose为[-0.0033456474542617742, 2.181629900932312, -0.91428381319046, 0.0, 0.0, -0.7064992950274754, 0.7077137458928436]
视觉pose为[0.22030363082885743, 1.8311633366346358, -0.6980315685272216, 0.0, 0.0, 0.9999749664122173, 0.0070757719638983]
环境pose为[0.2160692870616913, 1.8311217549443244, -0.6950304633140563, 0.0, 0.0, 0.9999688195966809, 0.007896824325047555]
视觉pose为[0.22030363082885743, 1.8311633366346358, -0.9161315685272216, 0.0, 0.0, 0.9999749664122173, 0.0070757719638983]
环境pose为[0.2160692870616913, 1.8311217549443244, -0.9131304633140562, 0.0, 0.0, 0.9999688195966809, 0.007896824325047555]
视觉pose为[0.19041017293930054, 1.536759113073349, -0.6984945774078368, 0.0, 0.0, 0.9999824903183467, 0.005917690150517361]
环境pose为[0.19108874201774598, 1.5403893041610717, -0.6984060645103454, 0.0, 0.0, 0.9999999481596564, 0.00032199485167788114]
视觉pose为[0.19041017293930054, 1.536759113073349, -0.9165945774078368, 0.0, 0.0, 0.9999824903183467, 0.005917690150517361]
环境pose为[0.19108874201774598, 1.5403893041610717, -0.9165060645103453, 0.0, 0.0, 0.9999999481596564, 0.00032199485167788114]
视觉pose为[-0.18897618129849433, 1.5936498391628264, -0.6978618031501769, 0.0, 0.0, 0.7075281062910254, 0.7066852048884535]
环境pose为[-0.18931601345539092, 1.5944944369792937, -0.6980326896667479, 0.0, 0.0, 0.7072617021931489, 0.7069518262306489]
视觉pose为[-0.18897618129849433, 1.5936498391628264, -0.9159618031501768, 0.0, 0.0, 0.7075281062910254, 0.7066852048884535]
环境pose为[-0.18931601345539092, 1.5944944369792937, -0.9161326896667479, 0.0, 0.0, 0.7072617021931489, 0.7069518262306489]
视觉pose为[-0.2987461626529694, 2.1974927830696105, -0.9150788312911986, 0.0, 0.0, -0.707239094252603, 0.7069744433575783]
环境pose为[-0.30138673782348635, 2.1971283602714538, -0.915312779521942, 0.0, 0.0, -0.7073406698740952, 0.7068728151103749]
视觉pose为[-0.5945760846138001, 2.1942201602458953, -0.4771106481552123, 0.0, 0.0, -0.712624069237464, 0.701546103932905]
环境pose为[-0.5947157084941864, 2.194662665128708, -0.4771899223327636, 0.0, 0.0, -0.7124020275396764, 0.7017715804714224]
视觉pose为[-0.0036110818386077825, 2.184126739501953, -0.4779215693473815, 0.0, 0.0, -0.7070587964593202, 0.707154762657721]
环境pose为[-0.0033456474542617742, 2.181629900932312, -0.4780838131904601, 0.0, 0.0, -0.7064992950274754, 0.7077137458928436]
视觉pose为[-0.542741471529007, 1.845175911784172, -0.258368158340454, 0.0, 0.0, 0.0004788299797236723, 0.9999998853609187]
环境pose为[-0.5428130567073822, 1.8450768004357814, -0.2584204912185668, 0.0, 0.0, 0.00038562430626841237, 0.9999999256469444]
视觉pose为[-0.18897618129849433, 1.5936498391628264, -0.4797618031501769, 0.0, 0.0, 0.7075281062910254, 0.7066852048884535]
环境pose为[-0.18931601345539092, 1.5944944369792937, -0.47993268966674796, 0.0, 0.0, 0.7072617021931489, 0.7069518262306489]
视觉pose为[-0.2987461626529694, 2.1974927830696105, -0.6969788312911986, 0.0, 0.0, -0.707239094252603, 0.7069744433575783]
环境pose为[-0.30138673782348635, 2.1971283602714538, -0.697212779521942, 0.0, 0.0, -0.7073406698740952, 0.7068728151103749]
